<?xml version="1.0" encoding="UTF-8"?>
<testsuite xmlns:xsi="http://www.w3.org/2001/XMLSchema-instance" xsi:noNamespaceSchemaLocation="https://maven.apache.org/surefire/maven-surefire-plugin/xsd/surefire-test-report-3.0.xsd" version="3.0" name="com.homework.realestate.PropertyServiceTest" time="0.077" tests="12" errors="0" skipped="0" failures="0">
  <properties>
[...]
</properties>
  <testcase name="testAddPropertyWithNull" classname="com.homework.realestate.PropertyServiceTest" time="0.035">
    <system-err><![CDATA[Nov 02, 2025 7:23:59 PM com.homework.realestate.PropertyService <init>
INFO: Creating new PropertyService instance with default constructor
Nov 02, 2025 7:23:59 PM com.homework.realestate.Property <init>
INFO: Creating new Property instance with id: 1
Nov 02, 2025 7:23:59 PM com.homework.realestate.Property <init>
INFO: Creating new Property instance with id: 2
Nov 02, 2025 7:23:59 PM com.homework.realestate.Property <init>
INFO: Creating new Property instance with id: 3
Nov 02, 2025 7:23:59 PM com.homework.realestate.Property getId
INFO: Getting property id: 1
Nov 02, 2025 7:23:59 PM com.homework.realestate.PropertyService addProperty
INFO: Adding property with id: 1
Nov 02, 2025 7:23:59 PM com.homework.realestate.PropertyService addProperty
INFO: Property added successfully
Nov 02, 2025 7:23:59 PM com.homework.realestate.Property getId
INFO: Getting property id: 2
Nov 02, 2025 7:23:59 PM com.homework.realestate.PropertyService addProperty
INFO: Adding property with id: 2
Nov 02, 2025 7:23:59 PM com.homework.realestate.PropertyService addProperty
INFO: Property added successfully
Nov 02, 2025 7:23:59 PM com.homework.realestate.Property getId
INFO: Getting property id: 3
Nov 02, 2025 7:23:59 PM com.homework.realestate.PropertyService addProperty
INFO: Adding property with id: 3
Nov 02, 2025 7:23:59 PM com.homework.realestate.PropertyService addProperty
INFO: Property added successfully
Nov 02, 2025 7:23:59 PM com.homework.realestate.PropertyService addProperty
INFO: Adding property with id: null
Nov 02, 2025 7:23:59 PM com.homework.realestate.PropertyService addProperty
SEVERE: Attempted to add null property
Nov 02, 2025 7:23:59 PM com.homework.realestate.PropertyService addProperty
SEVERE: Error adding property
java.lang.IllegalArgumentException: Property cannot be null
	at com.homework.realestate.PropertyService.addProperty(PropertyService.java:49)
	at com.homework.realestate.PropertyServiceTest.testAddPropertyWithNull(PropertyServiceTest.java:138)
	at java.base/jdk.internal.reflect.DirectMethodHandleAccessor.invoke(DirectMethodHandleAccessor.java:104)
	at java.base/java.lang.reflect.Method.invoke(Method.java:565)
	at org.junit.runners.model.FrameworkMethod$1.runReflectiveCall(FrameworkMethod.java:59)
	at org.junit.internal.runners.model.ReflectiveCallable.run(ReflectiveCallable.java:12)
	at org.junit.runners.model.FrameworkMethod.invokeExplosively(FrameworkMethod.java:56)
	at org.junit.internal.runners.statements.InvokeMethod.evaluate(InvokeMethod.java:17)
	at org.junit.internal.runners.statements.ExpectException.evaluate(ExpectException.java:19)
	at org.junit.internal.runners.statements.RunBefores.evaluate(RunBefores.java:26)
	at org.junit.runners.ParentRunner$3.evaluate(ParentRunner.java:306)
	at org.junit.runners.BlockJUnit4ClassRunner$1.evaluate(BlockJUnit4ClassRunner.java:100)
	at org.junit.runners.ParentRunner.runLeaf(ParentRunner.java:366)
	at org.junit.runners.BlockJUnit4ClassRunner.runChild(BlockJUnit4ClassRunner.java:103)
	at org.junit.runners.BlockJUnit4ClassRunner.runChild(BlockJUnit4ClassRunner.java:63)
	at org.junit.runners.ParentRunner$4.run(ParentRunner.java:331)
	at org.junit.runners.ParentRunner$1.schedule(ParentRunner.java:79)
	at org.junit.runners.ParentRunner.runChildren(ParentRunner.java:329)
	at org.junit.runners.ParentRunner.access$100(ParentRunner.java:66)
	at org.junit.runners.ParentRunner$2.evaluate(ParentRunner.java:293)
	at org.junit.runners.ParentRunner$3.evaluate(ParentRunner.java:306)
	at org.junit.runners.ParentRunner.run(ParentRunner.java:413)
	at org.apache.maven.surefire.junit4.JUnit4Provider.execute(JUnit4Provider.java:316)
	at org.apache.maven.surefire.junit4.JUnit4Provider.executeWithRerun(JUnit4Provider.java:240)
	at org.apache.maven.surefire.junit4.JUnit4Provider.executeTestSet(JUnit4Provider.java:214)
	at org.apache.maven.surefire.junit4.JUnit4Provider.invoke(JUnit4Provider.java:155)
	at org.apache.maven.surefire.booter.ForkedBooter.runSuitesInProcess(ForkedBooter.java:385)
	at org.apache.maven.surefire.booter.ForkedBooter.execute(ForkedBooter.java:162)
	at org.apache.maven.surefire.booter.ForkedBooter.run(ForkedBooter.java:507)
	at org.apache.maven.surefire.booter.ForkedBooter.main(ForkedBooter.java:495)

]]></system-err>
  </testcase>
  <testcase name="testGetAveragePrice" classname="com.homework.realestate.PropertyServiceTest" time="0.008">
    <system-err><![CDATA[Nov 02, 2025 7:23:59 PM com.homework.realestate.PropertyService <init>
INFO: Creating new PropertyService instance with default constructor
Nov 02, 2025 7:23:59 PM com.homework.realestate.Property <init>
INFO: Creating new Property instance with id: 1
Nov 02, 2025 7:23:59 PM com.homework.realestate.Property <init>
INFO: Creating new Property instance with id: 2
Nov 02, 2025 7:23:59 PM com.homework.realestate.Property <init>
INFO: Creating new Property instance with id: 3
Nov 02, 2025 7:23:59 PM com.homework.realestate.Property getId
INFO: Getting property id: 1
Nov 02, 2025 7:23:59 PM com.homework.realestate.PropertyService addProperty
INFO: Adding property with id: 1
Nov 02, 2025 7:23:59 PM com.homework.realestate.PropertyService addProperty
INFO: Property added successfully
Nov 02, 2025 7:23:59 PM com.homework.realestate.Property getId
INFO: Getting property id: 2
Nov 02, 2025 7:23:59 PM com.homework.realestate.PropertyService addProperty
INFO: Adding property with id: 2
Nov 02, 2025 7:23:59 PM com.homework.realestate.PropertyService addProperty
INFO: Property added successfully
Nov 02, 2025 7:23:59 PM com.homework.realestate.Property getId
INFO: Getting property id: 3
Nov 02, 2025 7:23:59 PM com.homework.realestate.PropertyService addProperty
INFO: Adding property with id: 3
Nov 02, 2025 7:23:59 PM com.homework.realestate.PropertyService addProperty
INFO: Property added successfully
Nov 02, 2025 7:23:59 PM com.homework.realestate.PropertyService getAveragePrice
INFO: Calculating average price of 3 properties
Nov 02, 2025 7:23:59 PM com.homework.realestate.Property getPrice
INFO: Getting property price: 500000
Nov 02, 2025 7:23:59 PM com.homework.realestate.Property getPrice
INFO: Getting property price: 250000
Nov 02, 2025 7:23:59 PM com.homework.realestate.Property getPrice
INFO: Getting property price: 350000
Nov 02, 2025 7:23:59 PM com.homework.realestate.PropertyService getAveragePrice
INFO: Average price calculated: 366666.6666666667
]]></system-err>
  </testcase>
  <testcase name="testGetPropertiesByBedrooms" classname="com.homework.realestate.PropertyServiceTest" time="0.005">
    <system-err><![CDATA[Nov 02, 2025 7:23:59 PM com.homework.realestate.PropertyService <init>
INFO: Creating new PropertyService instance with default constructor
Nov 02, 2025 7:23:59 PM com.homework.realestate.Property <init>
INFO: Creating new Property instance with id: 1
Nov 02, 2025 7:23:59 PM com.homework.realestate.Property <init>
INFO: Creating new Property instance with id: 2
Nov 02, 2025 7:23:59 PM com.homework.realestate.Property <init>
INFO: Creating new Property instance with id: 3
Nov 02, 2025 7:23:59 PM com.homework.realestate.Property getId
INFO: Getting property id: 1
Nov 02, 2025 7:23:59 PM com.homework.realestate.PropertyService addProperty
INFO: Adding property with id: 1
Nov 02, 2025 7:23:59 PM com.homework.realestate.PropertyService addProperty
INFO: Property added successfully
Nov 02, 2025 7:23:59 PM com.homework.realestate.Property getId
INFO: Getting property id: 2
Nov 02, 2025 7:23:59 PM com.homework.realestate.PropertyService addProperty
INFO: Adding property with id: 2
Nov 02, 2025 7:23:59 PM com.homework.realestate.PropertyService addProperty
INFO: Property added successfully
Nov 02, 2025 7:23:59 PM com.homework.realestate.Property getId
INFO: Getting property id: 3
Nov 02, 2025 7:23:59 PM com.homework.realestate.PropertyService addProperty
INFO: Adding property with id: 3
Nov 02, 2025 7:23:59 PM com.homework.realestate.PropertyService addProperty
INFO: Property added successfully
Nov 02, 2025 7:23:59 PM com.homework.realestate.PropertyService getPropertiesByBedrooms
INFO: Filtering properties by bedrooms: 3
Nov 02, 2025 7:23:59 PM com.homework.realestate.Property getBedrooms
INFO: Getting property bedrooms: 4
Nov 02, 2025 7:23:59 PM com.homework.realestate.Property getBedrooms
INFO: Getting property bedrooms: 2
Nov 02, 2025 7:23:59 PM com.homework.realestate.Property getBedrooms
INFO: Getting property bedrooms: 3
Nov 02, 2025 7:23:59 PM com.homework.realestate.PropertyService getPropertiesByBedrooms
INFO: Found 1 properties with 3 bedrooms
Nov 02, 2025 7:23:59 PM com.homework.realestate.Property equals
INFO: Checking equality with object: com.homework.realestate.Property
]]></system-err>
  </testcase>
  <testcase name="testCountPropertiesByTypeWithNull" classname="com.homework.realestate.PropertyServiceTest" time="0.002">
    <system-err><![CDATA[Nov 02, 2025 7:23:59 PM com.homework.realestate.PropertyService <init>
INFO: Creating new PropertyService instance with default constructor
Nov 02, 2025 7:23:59 PM com.homework.realestate.Property <init>
INFO: Creating new Property instance with id: 1
Nov 02, 2025 7:23:59 PM com.homework.realestate.Property <init>
INFO: Creating new Property instance with id: 2
Nov 02, 2025 7:23:59 PM com.homework.realestate.Property <init>
INFO: Creating new Property instance with id: 3
Nov 02, 2025 7:23:59 PM com.homework.realestate.Property getId
INFO: Getting property id: 1
Nov 02, 2025 7:23:59 PM com.homework.realestate.PropertyService addProperty
INFO: Adding property with id: 1
Nov 02, 2025 7:23:59 PM com.homework.realestate.PropertyService addProperty
INFO: Property added successfully
Nov 02, 2025 7:23:59 PM com.homework.realestate.Property getId
INFO: Getting property id: 2
Nov 02, 2025 7:23:59 PM com.homework.realestate.PropertyService addProperty
INFO: Adding property with id: 2
Nov 02, 2025 7:23:59 PM com.homework.realestate.PropertyService addProperty
INFO: Property added successfully
Nov 02, 2025 7:23:59 PM com.homework.realestate.Property getId
INFO: Getting property id: 3
Nov 02, 2025 7:23:59 PM com.homework.realestate.PropertyService addProperty
INFO: Adding property with id: 3
Nov 02, 2025 7:23:59 PM com.homework.realestate.PropertyService addProperty
INFO: Property added successfully
Nov 02, 2025 7:23:59 PM com.homework.realestate.PropertyService countPropertiesByType
INFO: Counting properties of type: null
Nov 02, 2025 7:23:59 PM com.homework.realestate.PropertyService countPropertiesByType
SEVERE: Attempted to count properties of null type
Nov 02, 2025 7:23:59 PM com.homework.realestate.PropertyService countPropertiesByType
SEVERE: Error counting properties by type
java.lang.IllegalArgumentException: Property type cannot be null
	at com.homework.realestate.PropertyService.countPropertiesByType(PropertyService.java:229)
	at com.homework.realestate.PropertyServiceTest.testCountPropertiesByTypeWithNull(PropertyServiceTest.java:174)
	at java.base/jdk.internal.reflect.DirectMethodHandleAccessor.invoke(DirectMethodHandleAccessor.java:104)
	at java.base/java.lang.reflect.Method.invoke(Method.java:565)
	at org.junit.runners.model.FrameworkMethod$1.runReflectiveCall(FrameworkMethod.java:59)
	at org.junit.internal.runners.model.ReflectiveCallable.run(ReflectiveCallable.java:12)
	at org.junit.runners.model.FrameworkMethod.invokeExplosively(FrameworkMethod.java:56)
	at org.junit.internal.runners.statements.InvokeMethod.evaluate(InvokeMethod.java:17)
	at org.junit.internal.runners.statements.ExpectException.evaluate(ExpectException.java:19)
	at org.junit.internal.runners.statements.RunBefores.evaluate(RunBefores.java:26)
	at org.junit.runners.ParentRunner$3.evaluate(ParentRunner.java:306)
	at org.junit.runners.BlockJUnit4ClassRunner$1.evaluate(BlockJUnit4ClassRunner.java:100)
	at org.junit.runners.ParentRunner.runLeaf(ParentRunner.java:366)
	at org.junit.runners.BlockJUnit4ClassRunner.runChild(BlockJUnit4ClassRunner.java:103)
	at org.junit.runners.BlockJUnit4ClassRunner.runChild(BlockJUnit4ClassRunner.java:63)
	at org.junit.runners.ParentRunner$4.run(ParentRunner.java:331)
	at org.junit.runners.ParentRunner$1.schedule(ParentRunner.java:79)
	at org.junit.runners.ParentRunner.runChildren(ParentRunner.java:329)
	at org.junit.runners.ParentRunner.access$100(ParentRunner.java:66)
	at org.junit.runners.ParentRunner$2.evaluate(ParentRunner.java:293)
	at org.junit.runners.ParentRunner$3.evaluate(ParentRunner.java:306)
	at org.junit.runners.ParentRunner.run(ParentRunner.java:413)
	at org.apache.maven.surefire.junit4.JUnit4Provider.execute(JUnit4Provider.java:316)
	at org.apache.maven.surefire.junit4.JUnit4Provider.executeWithRerun(JUnit4Provider.java:240)
	at org.apache.maven.surefire.junit4.JUnit4Provider.executeTestSet(JUnit4Provider.java:214)
	at org.apache.maven.surefire.junit4.JUnit4Provider.invoke(JUnit4Provider.java:155)
	at org.apache.maven.surefire.booter.ForkedBooter.runSuitesInProcess(ForkedBooter.java:385)
	at org.apache.maven.surefire.booter.ForkedBooter.execute(ForkedBooter.java:162)
	at org.apache.maven.surefire.booter.ForkedBooter.run(ForkedBooter.java:507)
	at org.apache.maven.surefire.booter.ForkedBooter.main(ForkedBooter.java:495)

]]></system-err>
  </testcase>
  <testcase name="testFindMostExpensiveProperty" classname="com.homework.realestate.PropertyServiceTest" time="0.004">
    <system-err><![CDATA[Nov 02, 2025 7:23:59 PM com.homework.realestate.PropertyService <init>
INFO: Creating new PropertyService instance with default constructor
Nov 02, 2025 7:23:59 PM com.homework.realestate.Property <init>
INFO: Creating new Property instance with id: 1
Nov 02, 2025 7:23:59 PM com.homework.realestate.Property <init>
INFO: Creating new Property instance with id: 2
Nov 02, 2025 7:23:59 PM com.homework.realestate.Property <init>
INFO: Creating new Property instance with id: 3
Nov 02, 2025 7:23:59 PM com.homework.realestate.Property getId
INFO: Getting property id: 1
Nov 02, 2025 7:23:59 PM com.homework.realestate.PropertyService addProperty
INFO: Adding property with id: 1
Nov 02, 2025 7:23:59 PM com.homework.realestate.PropertyService addProperty
INFO: Property added successfully
Nov 02, 2025 7:23:59 PM com.homework.realestate.Property getId
INFO: Getting property id: 2
Nov 02, 2025 7:23:59 PM com.homework.realestate.PropertyService addProperty
INFO: Adding property with id: 2
Nov 02, 2025 7:23:59 PM com.homework.realestate.PropertyService addProperty
INFO: Property added successfully
Nov 02, 2025 7:23:59 PM com.homework.realestate.Property getId
INFO: Getting property id: 3
Nov 02, 2025 7:23:59 PM com.homework.realestate.PropertyService addProperty
INFO: Adding property with id: 3
Nov 02, 2025 7:23:59 PM com.homework.realestate.PropertyService addProperty
INFO: Property added successfully
Nov 02, 2025 7:23:59 PM com.homework.realestate.PropertyService findMostExpensiveProperty
INFO: Finding most expensive property among 3 properties
Nov 02, 2025 7:23:59 PM com.homework.realestate.Property getPrice
INFO: Getting property price: 500000
Nov 02, 2025 7:23:59 PM com.homework.realestate.Property getPrice
INFO: Getting property price: 250000
Nov 02, 2025 7:23:59 PM com.homework.realestate.Property getPrice
INFO: Getting property price: 500000
Nov 02, 2025 7:23:59 PM com.homework.realestate.Property getPrice
INFO: Getting property price: 350000
Nov 02, 2025 7:23:59 PM com.homework.realestate.Property getId
INFO: Getting property id: 1
Nov 02, 2025 7:23:59 PM com.homework.realestate.PropertyService findMostExpensiveProperty
INFO: Most expensive property found with id: 1
Nov 02, 2025 7:23:59 PM com.homework.realestate.Property equals
INFO: Checking equality with object: com.homework.realestate.Property
Nov 02, 2025 7:23:59 PM com.homework.realestate.Property getPrice
INFO: Getting property price: 500000
]]></system-err>
  </testcase>
  <testcase name="testGetAvailableProperties" classname="com.homework.realestate.PropertyServiceTest" time="0.004">
    <system-err><![CDATA[Nov 02, 2025 7:23:59 PM com.homework.realestate.PropertyService <init>
INFO: Creating new PropertyService instance with default constructor
Nov 02, 2025 7:23:59 PM com.homework.realestate.Property <init>
INFO: Creating new Property instance with id: 1
Nov 02, 2025 7:23:59 PM com.homework.realestate.Property <init>
INFO: Creating new Property instance with id: 2
Nov 02, 2025 7:23:59 PM com.homework.realestate.Property <init>
INFO: Creating new Property instance with id: 3
Nov 02, 2025 7:23:59 PM com.homework.realestate.Property getId
INFO: Getting property id: 1
Nov 02, 2025 7:23:59 PM com.homework.realestate.PropertyService addProperty
INFO: Adding property with id: 1
Nov 02, 2025 7:23:59 PM com.homework.realestate.PropertyService addProperty
INFO: Property added successfully
Nov 02, 2025 7:23:59 PM com.homework.realestate.Property getId
INFO: Getting property id: 2
Nov 02, 2025 7:23:59 PM com.homework.realestate.PropertyService addProperty
INFO: Adding property with id: 2
Nov 02, 2025 7:23:59 PM com.homework.realestate.PropertyService addProperty
INFO: Property added successfully
Nov 02, 2025 7:23:59 PM com.homework.realestate.Property getId
INFO: Getting property id: 3
Nov 02, 2025 7:23:59 PM com.homework.realestate.PropertyService addProperty
INFO: Adding property with id: 3
Nov 02, 2025 7:23:59 PM com.homework.realestate.PropertyService addProperty
INFO: Property added successfully
Nov 02, 2025 7:23:59 PM com.homework.realestate.PropertyService getAvailableProperties
INFO: Filtering available properties
Nov 02, 2025 7:23:59 PM com.homework.realestate.Property isAvailable
INFO: Checking property availability: true
Nov 02, 2025 7:23:59 PM com.homework.realestate.Property isAvailable
INFO: Checking property availability: true
Nov 02, 2025 7:23:59 PM com.homework.realestate.Property isAvailable
INFO: Checking property availability: false
Nov 02, 2025 7:23:59 PM com.homework.realestate.PropertyService getAvailableProperties
INFO: Found 2 available properties
Nov 02, 2025 7:23:59 PM com.homework.realestate.Property equals
INFO: Checking equality with object: com.homework.realestate.Property
Nov 02, 2025 7:23:59 PM com.homework.realestate.Property equals
INFO: Checking equality with object: com.homework.realestate.Property
]]></system-err>
  </testcase>
  <testcase name="testGetPropertiesByTypeWithNull" classname="com.homework.realestate.PropertyServiceTest" time="0.003">
    <system-err><![CDATA[Nov 02, 2025 7:23:59 PM com.homework.realestate.PropertyService <init>
INFO: Creating new PropertyService instance with default constructor
Nov 02, 2025 7:23:59 PM com.homework.realestate.Property <init>
INFO: Creating new Property instance with id: 1
Nov 02, 2025 7:23:59 PM com.homework.realestate.Property <init>
INFO: Creating new Property instance with id: 2
Nov 02, 2025 7:23:59 PM com.homework.realestate.Property <init>
INFO: Creating new Property instance with id: 3
Nov 02, 2025 7:23:59 PM com.homework.realestate.Property getId
INFO: Getting property id: 1
Nov 02, 2025 7:23:59 PM com.homework.realestate.PropertyService addProperty
INFO: Adding property with id: 1
Nov 02, 2025 7:23:59 PM com.homework.realestate.PropertyService addProperty
INFO: Property added successfully
Nov 02, 2025 7:23:59 PM com.homework.realestate.Property getId
INFO: Getting property id: 2
Nov 02, 2025 7:23:59 PM com.homework.realestate.PropertyService addProperty
INFO: Adding property with id: 2
Nov 02, 2025 7:23:59 PM com.homework.realestate.PropertyService addProperty
INFO: Property added successfully
Nov 02, 2025 7:23:59 PM com.homework.realestate.Property getId
INFO: Getting property id: 3
Nov 02, 2025 7:23:59 PM com.homework.realestate.PropertyService addProperty
INFO: Adding property with id: 3
Nov 02, 2025 7:23:59 PM com.homework.realestate.PropertyService addProperty
INFO: Property added successfully
Nov 02, 2025 7:23:59 PM com.homework.realestate.PropertyService getPropertiesByType
INFO: Filtering properties by type: null
Nov 02, 2025 7:23:59 PM com.homework.realestate.PropertyService getPropertiesByType
SEVERE: Attempted to filter by null property type
Nov 02, 2025 7:23:59 PM com.homework.realestate.PropertyService getPropertiesByType
SEVERE: Error filtering properties by type
java.lang.IllegalArgumentException: Property type cannot be null
	at com.homework.realestate.PropertyService.getPropertiesByType(PropertyService.java:107)
	at com.homework.realestate.PropertyServiceTest.testGetPropertiesByTypeWithNull(PropertyServiceTest.java:147)
	at java.base/jdk.internal.reflect.DirectMethodHandleAccessor.invoke(DirectMethodHandleAccessor.java:104)
	at java.base/java.lang.reflect.Method.invoke(Method.java:565)
	at org.junit.runners.model.FrameworkMethod$1.runReflectiveCall(FrameworkMethod.java:59)
	at org.junit.internal.runners.model.ReflectiveCallable.run(ReflectiveCallable.java:12)
	at org.junit.runners.model.FrameworkMethod.invokeExplosively(FrameworkMethod.java:56)
	at org.junit.internal.runners.statements.InvokeMethod.evaluate(InvokeMethod.java:17)
	at org.junit.internal.runners.statements.ExpectException.evaluate(ExpectException.java:19)
	at org.junit.internal.runners.statements.RunBefores.evaluate(RunBefores.java:26)
	at org.junit.runners.ParentRunner$3.evaluate(ParentRunner.java:306)
	at org.junit.runners.BlockJUnit4ClassRunner$1.evaluate(BlockJUnit4ClassRunner.java:100)
	at org.junit.runners.ParentRunner.runLeaf(ParentRunner.java:366)
	at org.junit.runners.BlockJUnit4ClassRunner.runChild(BlockJUnit4ClassRunner.java:103)
	at org.junit.runners.BlockJUnit4ClassRunner.runChild(BlockJUnit4ClassRunner.java:63)
	at org.junit.runners.ParentRunner$4.run(ParentRunner.java:331)
	at org.junit.runners.ParentRunner$1.schedule(ParentRunner.java:79)
	at org.junit.runners.ParentRunner.runChildren(ParentRunner.java:329)
	at org.junit.runners.ParentRunner.access$100(ParentRunner.java:66)
	at org.junit.runners.ParentRunner$2.evaluate(ParentRunner.java:293)
	at org.junit.runners.ParentRunner$3.evaluate(ParentRunner.java:306)
	at org.junit.runners.ParentRunner.run(ParentRunner.java:413)
	at org.apache.maven.surefire.junit4.JUnit4Provider.execute(JUnit4Provider.java:316)
	at org.apache.maven.surefire.junit4.JUnit4Provider.executeWithRerun(JUnit4Provider.java:240)
	at org.apache.maven.surefire.junit4.JUnit4Provider.executeTestSet(JUnit4Provider.java:214)
	at org.apache.maven.surefire.junit4.JUnit4Provider.invoke(JUnit4Provider.java:155)
	at org.apache.maven.surefire.booter.ForkedBooter.runSuitesInProcess(ForkedBooter.java:385)
	at org.apache.maven.surefire.booter.ForkedBooter.execute(ForkedBooter.java:162)
	at org.apache.maven.surefire.booter.ForkedBooter.run(ForkedBooter.java:507)
	at org.apache.maven.surefire.booter.ForkedBooter.main(ForkedBooter.java:495)

]]></system-err>
  </testcase>
  <testcase name="testCountPropertiesByType" classname="com.homework.realestate.PropertyServiceTest" time="0.006">
    <system-err><![CDATA[Nov 02, 2025 7:23:59 PM com.homework.realestate.PropertyService <init>
INFO: Creating new PropertyService instance with default constructor
Nov 02, 2025 7:23:59 PM com.homework.realestate.Property <init>
INFO: Creating new Property instance with id: 1
Nov 02, 2025 7:23:59 PM com.homework.realestate.Property <init>
INFO: Creating new Property instance with id: 2
Nov 02, 2025 7:23:59 PM com.homework.realestate.Property <init>
INFO: Creating new Property instance with id: 3
Nov 02, 2025 7:23:59 PM com.homework.realestate.Property getId
INFO: Getting property id: 1
Nov 02, 2025 7:23:59 PM com.homework.realestate.PropertyService addProperty
INFO: Adding property with id: 1
Nov 02, 2025 7:23:59 PM com.homework.realestate.PropertyService addProperty
INFO: Property added successfully
Nov 02, 2025 7:23:59 PM com.homework.realestate.Property getId
INFO: Getting property id: 2
Nov 02, 2025 7:23:59 PM com.homework.realestate.PropertyService addProperty
INFO: Adding property with id: 2
Nov 02, 2025 7:23:59 PM com.homework.realestate.PropertyService addProperty
INFO: Property added successfully
Nov 02, 2025 7:23:59 PM com.homework.realestate.Property getId
INFO: Getting property id: 3
Nov 02, 2025 7:23:59 PM com.homework.realestate.PropertyService addProperty
INFO: Adding property with id: 3
Nov 02, 2025 7:23:59 PM com.homework.realestate.PropertyService addProperty
INFO: Property added successfully
Nov 02, 2025 7:23:59 PM com.homework.realestate.PropertyService countPropertiesByType
INFO: Counting properties of type: HOUSE
Nov 02, 2025 7:23:59 PM com.homework.realestate.Property getType
INFO: Getting property type: HOUSE
Nov 02, 2025 7:23:59 PM com.homework.realestate.Property getType
INFO: Getting property type: APARTMENT
Nov 02, 2025 7:23:59 PM com.homework.realestate.Property getType
INFO: Getting property type: CONDO
Nov 02, 2025 7:23:59 PM com.homework.realestate.PropertyService countPropertiesByType
INFO: Found 1 properties of type HOUSE
Nov 02, 2025 7:23:59 PM com.homework.realestate.PropertyService countPropertiesByType
INFO: Counting properties of type: APARTMENT
Nov 02, 2025 7:23:59 PM com.homework.realestate.Property getType
INFO: Getting property type: HOUSE
Nov 02, 2025 7:23:59 PM com.homework.realestate.Property getType
INFO: Getting property type: APARTMENT
Nov 02, 2025 7:23:59 PM com.homework.realestate.Property getType
INFO: Getting property type: CONDO
Nov 02, 2025 7:23:59 PM com.homework.realestate.PropertyService countPropertiesByType
INFO: Found 1 properties of type APARTMENT
Nov 02, 2025 7:23:59 PM com.homework.realestate.PropertyService countPropertiesByType
INFO: Counting properties of type: CONDO
Nov 02, 2025 7:23:59 PM com.homework.realestate.Property getType
INFO: Getting property type: HOUSE
Nov 02, 2025 7:23:59 PM com.homework.realestate.Property getType
INFO: Getting property type: APARTMENT
Nov 02, 2025 7:23:59 PM com.homework.realestate.Property getType
INFO: Getting property type: CONDO
Nov 02, 2025 7:23:59 PM com.homework.realestate.PropertyService countPropertiesByType
INFO: Found 1 properties of type CONDO
]]></system-err>
  </testcase>
  <testcase name="testGetPropertiesByType" classname="com.homework.realestate.PropertyServiceTest" time="0.002">
    <system-err><![CDATA[Nov 02, 2025 7:23:59 PM com.homework.realestate.PropertyService <init>
INFO: Creating new PropertyService instance with default constructor
Nov 02, 2025 7:23:59 PM com.homework.realestate.Property <init>
INFO: Creating new Property instance with id: 1
Nov 02, 2025 7:23:59 PM com.homework.realestate.Property <init>
INFO: Creating new Property instance with id: 2
Nov 02, 2025 7:23:59 PM com.homework.realestate.Property <init>
INFO: Creating new Property instance with id: 3
Nov 02, 2025 7:23:59 PM com.homework.realestate.Property getId
INFO: Getting property id: 1
Nov 02, 2025 7:23:59 PM com.homework.realestate.PropertyService addProperty
INFO: Adding property with id: 1
Nov 02, 2025 7:23:59 PM com.homework.realestate.PropertyService addProperty
INFO: Property added successfully
Nov 02, 2025 7:23:59 PM com.homework.realestate.Property getId
INFO: Getting property id: 2
Nov 02, 2025 7:23:59 PM com.homework.realestate.PropertyService addProperty
INFO: Adding property with id: 2
Nov 02, 2025 7:23:59 PM com.homework.realestate.PropertyService addProperty
INFO: Property added successfully
Nov 02, 2025 7:23:59 PM com.homework.realestate.Property getId
INFO: Getting property id: 3
Nov 02, 2025 7:23:59 PM com.homework.realestate.PropertyService addProperty
INFO: Adding property with id: 3
Nov 02, 2025 7:23:59 PM com.homework.realestate.PropertyService addProperty
INFO: Property added successfully
Nov 02, 2025 7:23:59 PM com.homework.realestate.PropertyService getPropertiesByType
INFO: Filtering properties by type: HOUSE
Nov 02, 2025 7:23:59 PM com.homework.realestate.Property getType
INFO: Getting property type: HOUSE
Nov 02, 2025 7:23:59 PM com.homework.realestate.Property getType
INFO: Getting property type: APARTMENT
Nov 02, 2025 7:23:59 PM com.homework.realestate.Property getType
INFO: Getting property type: CONDO
Nov 02, 2025 7:23:59 PM com.homework.realestate.PropertyService getPropertiesByType
INFO: Found 1 properties of type HOUSE
Nov 02, 2025 7:23:59 PM com.homework.realestate.Property equals
INFO: Checking equality with object: com.homework.realestate.Property
]]></system-err>
  </testcase>
  <testcase name="testGetPropertiesByPriceRangeWithInvalidRange" classname="com.homework.realestate.PropertyServiceTest" time="0.002">
    <system-err><![CDATA[Nov 02, 2025 7:23:59 PM com.homework.realestate.PropertyService <init>
INFO: Creating new PropertyService instance with default constructor
Nov 02, 2025 7:23:59 PM com.homework.realestate.Property <init>
INFO: Creating new Property instance with id: 1
Nov 02, 2025 7:23:59 PM com.homework.realestate.Property <init>
INFO: Creating new Property instance with id: 2
Nov 02, 2025 7:23:59 PM com.homework.realestate.Property <init>
INFO: Creating new Property instance with id: 3
Nov 02, 2025 7:23:59 PM com.homework.realestate.Property getId
INFO: Getting property id: 1
Nov 02, 2025 7:23:59 PM com.homework.realestate.PropertyService addProperty
INFO: Adding property with id: 1
Nov 02, 2025 7:23:59 PM com.homework.realestate.PropertyService addProperty
INFO: Property added successfully
Nov 02, 2025 7:23:59 PM com.homework.realestate.Property getId
INFO: Getting property id: 2
Nov 02, 2025 7:23:59 PM com.homework.realestate.PropertyService addProperty
INFO: Adding property with id: 2
Nov 02, 2025 7:23:59 PM com.homework.realestate.PropertyService addProperty
INFO: Property added successfully
Nov 02, 2025 7:23:59 PM com.homework.realestate.Property getId
INFO: Getting property id: 3
Nov 02, 2025 7:23:59 PM com.homework.realestate.PropertyService addProperty
INFO: Adding property with id: 3
Nov 02, 2025 7:23:59 PM com.homework.realestate.PropertyService addProperty
INFO: Property added successfully
Nov 02, 2025 7:23:59 PM com.homework.realestate.PropertyService getPropertiesByPriceRange
INFO: Filtering properties by price range: 200000 - 100000
Nov 02, 2025 7:23:59 PM com.homework.realestate.PropertyService getPropertiesByPriceRange
SEVERE: Invalid price range: minPrice > maxPrice
Nov 02, 2025 7:23:59 PM com.homework.realestate.PropertyService getPropertiesByPriceRange
SEVERE: Error filtering properties by price range
java.lang.IllegalArgumentException: Minimum price cannot be greater than maximum price
	at com.homework.realestate.PropertyService.getPropertiesByPriceRange(PropertyService.java:137)
	at com.homework.realestate.PropertyServiceTest.testGetPropertiesByPriceRangeWithInvalidRange(PropertyServiceTest.java:165)
	at java.base/jdk.internal.reflect.DirectMethodHandleAccessor.invoke(DirectMethodHandleAccessor.java:104)
	at java.base/java.lang.reflect.Method.invoke(Method.java:565)
	at org.junit.runners.model.FrameworkMethod$1.runReflectiveCall(FrameworkMethod.java:59)
	at org.junit.internal.runners.model.ReflectiveCallable.run(ReflectiveCallable.java:12)
	at org.junit.runners.model.FrameworkMethod.invokeExplosively(FrameworkMethod.java:56)
	at org.junit.internal.runners.statements.InvokeMethod.evaluate(InvokeMethod.java:17)
	at org.junit.internal.runners.statements.ExpectException.evaluate(ExpectException.java:19)
	at org.junit.internal.runners.statements.RunBefores.evaluate(RunBefores.java:26)
	at org.junit.runners.ParentRunner$3.evaluate(ParentRunner.java:306)
	at org.junit.runners.BlockJUnit4ClassRunner$1.evaluate(BlockJUnit4ClassRunner.java:100)
	at org.junit.runners.ParentRunner.runLeaf(ParentRunner.java:366)
	at org.junit.runners.BlockJUnit4ClassRunner.runChild(BlockJUnit4ClassRunner.java:103)
	at org.junit.runners.BlockJUnit4ClassRunner.runChild(BlockJUnit4ClassRunner.java:63)
	at org.junit.runners.ParentRunner$4.run(ParentRunner.java:331)
	at org.junit.runners.ParentRunner$1.schedule(ParentRunner.java:79)
	at org.junit.runners.ParentRunner.runChildren(ParentRunner.java:329)
	at org.junit.runners.ParentRunner.access$100(ParentRunner.java:66)
	at org.junit.runners.ParentRunner$2.evaluate(ParentRunner.java:293)
	at org.junit.runners.ParentRunner$3.evaluate(ParentRunner.java:306)
	at org.junit.runners.ParentRunner.run(ParentRunner.java:413)
	at org.apache.maven.surefire.junit4.JUnit4Provider.execute(JUnit4Provider.java:316)
	at org.apache.maven.surefire.junit4.JUnit4Provider.executeWithRerun(JUnit4Provider.java:240)
	at org.apache.maven.surefire.junit4.JUnit4Provider.executeTestSet(JUnit4Provider.java:214)
	at org.apache.maven.surefire.junit4.JUnit4Provider.invoke(JUnit4Provider.java:155)
	at org.apache.maven.surefire.booter.ForkedBooter.runSuitesInProcess(ForkedBooter.java:385)
	at org.apache.maven.surefire.booter.ForkedBooter.execute(ForkedBooter.java:162)
	at org.apache.maven.surefire.booter.ForkedBooter.run(ForkedBooter.java:507)
	at org.apache.maven.surefire.booter.ForkedBooter.main(ForkedBooter.java:495)

]]></system-err>
  </testcase>
  <testcase name="testGetPropertiesByPriceRangeWithNull" classname="com.homework.realestate.PropertyServiceTest" time="0.001">
    <system-err><![CDATA[Nov 02, 2025 7:23:59 PM com.homework.realestate.PropertyService <init>
INFO: Creating new PropertyService instance with default constructor
Nov 02, 2025 7:23:59 PM com.homework.realestate.Property <init>
INFO: Creating new Property instance with id: 1
Nov 02, 2025 7:23:59 PM com.homework.realestate.Property <init>
INFO: Creating new Property instance with id: 2
Nov 02, 2025 7:23:59 PM com.homework.realestate.Property <init>
INFO: Creating new Property instance with id: 3
Nov 02, 2025 7:23:59 PM com.homework.realestate.Property getId
INFO: Getting property id: 1
Nov 02, 2025 7:23:59 PM com.homework.realestate.PropertyService addProperty
INFO: Adding property with id: 1
Nov 02, 2025 7:23:59 PM com.homework.realestate.PropertyService addProperty
INFO: Property added successfully
Nov 02, 2025 7:23:59 PM com.homework.realestate.Property getId
INFO: Getting property id: 2
Nov 02, 2025 7:23:59 PM com.homework.realestate.PropertyService addProperty
INFO: Adding property with id: 2
Nov 02, 2025 7:23:59 PM com.homework.realestate.PropertyService addProperty
INFO: Property added successfully
Nov 02, 2025 7:23:59 PM com.homework.realestate.Property getId
INFO: Getting property id: 3
Nov 02, 2025 7:23:59 PM com.homework.realestate.PropertyService addProperty
INFO: Adding property with id: 3
Nov 02, 2025 7:23:59 PM com.homework.realestate.PropertyService addProperty
INFO: Property added successfully
Nov 02, 2025 7:23:59 PM com.homework.realestate.PropertyService getPropertiesByPriceRange
INFO: Filtering properties by price range: null - 100000
Nov 02, 2025 7:23:59 PM com.homework.realestate.PropertyService getPropertiesByPriceRange
SEVERE: Attempted to filter by null price range
Nov 02, 2025 7:23:59 PM com.homework.realestate.PropertyService getPropertiesByPriceRange
SEVERE: Error filtering properties by price range
java.lang.IllegalArgumentException: Price range values cannot be null
	at com.homework.realestate.PropertyService.getPropertiesByPriceRange(PropertyService.java:133)
	at com.homework.realestate.PropertyServiceTest.testGetPropertiesByPriceRangeWithNull(PropertyServiceTest.java:156)
	at java.base/jdk.internal.reflect.DirectMethodHandleAccessor.invoke(DirectMethodHandleAccessor.java:104)
	at java.base/java.lang.reflect.Method.invoke(Method.java:565)
	at org.junit.runners.model.FrameworkMethod$1.runReflectiveCall(FrameworkMethod.java:59)
	at org.junit.internal.runners.model.ReflectiveCallable.run(ReflectiveCallable.java:12)
	at org.junit.runners.model.FrameworkMethod.invokeExplosively(FrameworkMethod.java:56)
	at org.junit.internal.runners.statements.InvokeMethod.evaluate(InvokeMethod.java:17)
	at org.junit.internal.runners.statements.ExpectException.evaluate(ExpectException.java:19)
	at org.junit.internal.runners.statements.RunBefores.evaluate(RunBefores.java:26)
	at org.junit.runners.ParentRunner$3.evaluate(ParentRunner.java:306)
	at org.junit.runners.BlockJUnit4ClassRunner$1.evaluate(BlockJUnit4ClassRunner.java:100)
	at org.junit.runners.ParentRunner.runLeaf(ParentRunner.java:366)
	at org.junit.runners.BlockJUnit4ClassRunner.runChild(BlockJUnit4ClassRunner.java:103)
	at org.junit.runners.BlockJUnit4ClassRunner.runChild(BlockJUnit4ClassRunner.java:63)
	at org.junit.runners.ParentRunner$4.run(ParentRunner.java:331)
	at org.junit.runners.ParentRunner$1.schedule(ParentRunner.java:79)
	at org.junit.runners.ParentRunner.runChildren(ParentRunner.java:329)
	at org.junit.runners.ParentRunner.access$100(ParentRunner.java:66)
	at org.junit.runners.ParentRunner$2.evaluate(ParentRunner.java:293)
	at org.junit.runners.ParentRunner$3.evaluate(ParentRunner.java:306)
	at org.junit.runners.ParentRunner.run(ParentRunner.java:413)
	at org.apache.maven.surefire.junit4.JUnit4Provider.execute(JUnit4Provider.java:316)
	at org.apache.maven.surefire.junit4.JUnit4Provider.executeWithRerun(JUnit4Provider.java:240)
	at org.apache.maven.surefire.junit4.JUnit4Provider.executeTestSet(JUnit4Provider.java:214)
	at org.apache.maven.surefire.junit4.JUnit4Provider.invoke(JUnit4Provider.java:155)
	at org.apache.maven.surefire.booter.ForkedBooter.runSuitesInProcess(ForkedBooter.java:385)
	at org.apache.maven.surefire.booter.ForkedBooter.execute(ForkedBooter.java:162)
	at org.apache.maven.surefire.booter.ForkedBooter.run(ForkedBooter.java:507)
	at org.apache.maven.surefire.booter.ForkedBooter.main(ForkedBooter.java:495)

]]></system-err>
  </testcase>
  <testcase name="testGetPropertiesByPriceRange" classname="com.homework.realestate.PropertyServiceTest" time="0.002">
    <system-err><![CDATA[Nov 02, 2025 7:23:59 PM com.homework.realestate.PropertyService <init>
INFO: Creating new PropertyService instance with default constructor
Nov 02, 2025 7:23:59 PM com.homework.realestate.Property <init>
INFO: Creating new Property instance with id: 1
Nov 02, 2025 7:23:59 PM com.homework.realestate.Property <init>
INFO: Creating new Property instance with id: 2
Nov 02, 2025 7:23:59 PM com.homework.realestate.Property <init>
INFO: Creating new Property instance with id: 3
Nov 02, 2025 7:23:59 PM com.homework.realestate.Property getId
INFO: Getting property id: 1
Nov 02, 2025 7:23:59 PM com.homework.realestate.PropertyService addProperty
INFO: Adding property with id: 1
Nov 02, 2025 7:23:59 PM com.homework.realestate.PropertyService addProperty
INFO: Property added successfully
Nov 02, 2025 7:23:59 PM com.homework.realestate.Property getId
INFO: Getting property id: 2
Nov 02, 2025 7:23:59 PM com.homework.realestate.PropertyService addProperty
INFO: Adding property with id: 2
Nov 02, 2025 7:23:59 PM com.homework.realestate.PropertyService addProperty
INFO: Property added successfully
Nov 02, 2025 7:23:59 PM com.homework.realestate.Property getId
INFO: Getting property id: 3
Nov 02, 2025 7:23:59 PM com.homework.realestate.PropertyService addProperty
INFO: Adding property with id: 3
Nov 02, 2025 7:23:59 PM com.homework.realestate.PropertyService addProperty
INFO: Property added successfully
Nov 02, 2025 7:23:59 PM com.homework.realestate.PropertyService getPropertiesByPriceRange
INFO: Filtering properties by price range: 200000 - 400000
Nov 02, 2025 7:23:59 PM com.homework.realestate.Property getPrice
INFO: Getting property price: 500000
Nov 02, 2025 7:23:59 PM com.homework.realestate.Property getPrice
INFO: Getting property price: 500000
Nov 02, 2025 7:23:59 PM com.homework.realestate.Property getPrice
INFO: Getting property price: 250000
Nov 02, 2025 7:23:59 PM com.homework.realestate.Property getPrice
INFO: Getting property price: 250000
Nov 02, 2025 7:23:59 PM com.homework.realestate.Property getPrice
INFO: Getting property price: 350000
Nov 02, 2025 7:23:59 PM com.homework.realestate.Property getPrice
INFO: Getting property price: 350000
Nov 02, 2025 7:23:59 PM com.homework.realestate.PropertyService getPropertiesByPriceRange
INFO: Found 2 properties in price range
Nov 02, 2025 7:23:59 PM com.homework.realestate.Property equals
INFO: Checking equality with object: com.homework.realestate.Property
Nov 02, 2025 7:23:59 PM com.homework.realestate.Property equals
INFO: Checking equality with object: com.homework.realestate.Property
]]></system-err>
  </testcase>
</testsuite>